<?xml version="1.0" encoding="UTF-8"?>
<!-- Generated by org.testng.reporters.JUnitXMLReporter -->
<testsuite ignored="0" hostname="LTIN227249" failures="10" tests="19" name="Test2" time="199.498" errors="0" timestamp="2024-03-23T17:56:41 IST">
  <testcase classname="testCases.TC_001_WebDevlopment" name="searchWebDevlopment" time="7.521"/>
  <testcase classname="testCases.TC_001_WebDevlopment" name="clickFilter" time="3.745"/>
  <testcase classname="testCases.TC_001_WebDevlopment" name="printInfo" time="13.418">
    <failure type="org.openqa.selenium.NoSuchElementException" message="no such element: Unable to locate element: {&amp;quot;method&amp;quot;:&amp;quot;xpath&amp;quot;,&amp;quot;selector&amp;quot;:&amp;quot;//ul[@class=&amp;apos;cds-9 css-5t8l4v cds-10&amp;apos;]/li[1]//p[@class=&amp;apos;cds-119 css-11uuo4b cds-121&amp;apos;]&amp;quot;}
  (Session info: MicrosoftEdge=122.0.2365.92)
For documentation on this error, please visit: https://www.selenium.dev/documentation/webdriver/troubleshooting/errors#no-such-element-exception
Build info: version: &amp;apos;4.17.0&amp;apos;, revision: &amp;apos;e52b1be057*&amp;apos;
System info: os.name: &amp;apos;Windows 11&amp;apos;, os.arch: &amp;apos;amd64&amp;apos;, os.version: &amp;apos;10.0&amp;apos;, java.version: &amp;apos;17.0.2&amp;apos;
Driver info: org.openqa.selenium.edge.EdgeDriver
Command: [041809b07b8341d0b07ddb8a17409fd0, findElement {using=xpath, value=//ul[@class=&amp;apos;cds-9 css-5t8l4v cds-10&amp;apos;]/li[1]//p[@class=&amp;apos;cds-119 css-11uuo4b cds-121&amp;apos;]}]
Capabilities {acceptInsecureCerts: false, browserName: MicrosoftEdge, browserVersion: 122.0.2365.92, fedcm:accounts: true, ms:edgeOptions: {debuggerAddress: localhost:60769}, msedge: {msedgedriverVersion: 122.0.2365.106 (a5761ec7165..., userDataDir: C:\Windows\SystemTemp\scope...}, networkConnectionEnabled: false, pageLoadStrategy: normal, platformName: windows, proxy: Proxy(), se:cdp: ws://localhost:60769/devtoo..., se:cdpVersion: 122.0.2365.92, setWindowRect: true, strictFileInteractability: false, timeouts: {implicit: 0, pageLoad: 300000, script: 30000}, unhandledPromptBehavior: dismiss and notify, webauthn:extension:credBlob: true, webauthn:extension:largeBlob: true, webauthn:extension:minPinLength: true, webauthn:extension:prf: true, webauthn:virtualAuthenticators: true}
Session ID: 041809b07b8341d0b07ddb8a17409fd0">
      <![CDATA[org.openqa.selenium.NoSuchElementException: no such element: Unable to locate element: {"method":"xpath","selector":"//ul[@class='cds-9 css-5t8l4v cds-10']/li[1]//p[@class='cds-119 css-11uuo4b cds-121']"}
  (Session info: MicrosoftEdge=122.0.2365.92)
For documentation on this error, please visit: https://www.selenium.dev/documentation/webdriver/troubleshooting/errors#no-such-element-exception
Build info: version: '4.17.0', revision: 'e52b1be057*'
System info: os.name: 'Windows 11', os.arch: 'amd64', os.version: '10.0', java.version: '17.0.2'
Driver info: org.openqa.selenium.edge.EdgeDriver
Command: [041809b07b8341d0b07ddb8a17409fd0, findElement {using=xpath, value=//ul[@class='cds-9 css-5t8l4v cds-10']/li[1]//p[@class='cds-119 css-11uuo4b cds-121']}]
Capabilities {acceptInsecureCerts: false, browserName: MicrosoftEdge, browserVersion: 122.0.2365.92, fedcm:accounts: true, ms:edgeOptions: {debuggerAddress: localhost:60769}, msedge: {msedgedriverVersion: 122.0.2365.106 (a5761ec7165..., userDataDir: C:\Windows\SystemTemp\scope...}, networkConnectionEnabled: false, pageLoadStrategy: normal, platformName: windows, proxy: Proxy(), se:cdp: ws://localhost:60769/devtoo..., se:cdpVersion: 122.0.2365.92, setWindowRect: true, strictFileInteractability: false, timeouts: {implicit: 0, pageLoad: 300000, script: 30000}, unhandledPromptBehavior: dismiss and notify, webauthn:extension:credBlob: true, webauthn:extension:largeBlob: true, webauthn:extension:minPinLength: true, webauthn:extension:prf: true, webauthn:virtualAuthenticators: true}
Session ID: 041809b07b8341d0b07ddb8a17409fd0
at org.openqa.selenium.remote.codec.w3c.W3CHttpResponseCodec.createException(W3CHttpResponseCodec.java:185)
at org.openqa.selenium.remote.codec.w3c.W3CHttpResponseCodec.decode(W3CHttpResponseCodec.java:134)
at org.openqa.selenium.remote.codec.w3c.W3CHttpResponseCodec.decode(W3CHttpResponseCodec.java:51)
at org.openqa.selenium.remote.HttpCommandExecutor.execute(HttpCommandExecutor.java:190)
at org.openqa.selenium.remote.service.DriverCommandExecutor.invokeExecute(DriverCommandExecutor.java:216)
at org.openqa.selenium.remote.service.DriverCommandExecutor.execute(DriverCommandExecutor.java:174)
at org.openqa.selenium.remote.RemoteWebDriver.execute(RemoteWebDriver.java:519)
at org.openqa.selenium.remote.ElementLocation$ElementFinder$2.findElement(ElementLocation.java:165)
at org.openqa.selenium.remote.ElementLocation.findElement(ElementLocation.java:59)
at org.openqa.selenium.remote.RemoteWebDriver.findElement(RemoteWebDriver.java:356)
at org.openqa.selenium.remote.RemoteWebDriver.findElement(RemoteWebDriver.java:350)
at org.openqa.selenium.support.pagefactory.DefaultElementLocator.findElement(DefaultElementLocator.java:68)
at org.openqa.selenium.support.pagefactory.internal.LocatingElementHandler.invoke(LocatingElementHandler.java:38)
at jdk.proxy2/jdk.proxy2.$Proxy30.getText(Unknown Source)
at pageObject.WebDevlopmentPage.ratingOfFirstCourse(WebDevlopmentPage.java:57)
at testCases.TC_001_WebDevlopment.printInfo(TC_001_WebDevlopment.java:32)
at java.base/java.util.ArrayList.forEach(ArrayList.java:1511)
... Removed 32 stack frames]]>
    </failure>
  </testcase> <!-- printInfo -->
  <testcase classname="testCases.TC_002_LanguageLearning" name="searchLanguageLearning" time="9.074"/>
  <testcase classname="testCases.TC_002_LanguageLearning" name="printLanguages" time="0.767"/>
  <testcase classname="testCases.TC_002_LanguageLearning" name="printLevels" time="0.086"/>
  <testcase classname="testCases.TC_003_FormFill" name="goEnterprise" time="6.576"/>
  <testcase classname="testCases.TC_003_FormFill" name="goCampus" time="0.589"/>
  <testcase classname="testCases.TC_003_FormFill" name="fillingForm" time="6.657">
    <failure type="org.openqa.selenium.ElementClickInterceptedException" message="element click intercepted: Element &amp;lt;button type=&amp;quot;submit&amp;quot; class=&amp;quot;mktoButton&amp;quot;&amp;gt;...&amp;lt;/button&amp;gt; is not clickable at point (1096, 718). Other element would receive the click: &amp;lt;iframe class=&amp;quot;drift-frame-controller&amp;quot; scrolling=&amp;quot;no&amp;quot; title=&amp;quot;Drift Widget Chat Controller&amp;quot; allow=&amp;quot;autoplay; encrypted-media; fullscreen;&amp;quot; frameborder=&amp;quot;0&amp;quot; src=&amp;quot;https://js.driftt.com/core?d=1&amp;amp;amp;embedId=mpta5ez37rme&amp;amp;amp;eId=mpta5ez37rme&amp;amp;amp;region=US&amp;amp;amp;forceShow=false&amp;amp;amp;skipCampaigns=false&amp;amp;amp;sessionId=547f8d50-d858-4d32-90f3-d8d494fe9290&amp;amp;amp;sessionStarted=1711196688.48&amp;amp;amp;campaignRefreshToken=8228ff66-fcbe-4368-b6d4-a3d7fb8ba49f&amp;amp;amp;hideController=false&amp;amp;amp;pageLoadStartTime=1711196684087&amp;amp;amp;mode=CHAT&amp;amp;amp;driftEnableLog=false&amp;amp;amp;secureIframe=false&amp;amp;amp;u=https%3A%2F%2Fwww.coursera.org%2Fbusiness%3Futm_campaign%3Dwebsite%26utm_content%3Dcorp-to-home-footer-for-enterprise%26utm_medium%3Dcoursera%26utm_source%3Denterprise&amp;quot; style=&amp;quot;background: transparent; width: 359.2px; max-width: 100%; height: 99.2px; border: none;&amp;quot;&amp;gt;&amp;lt;/iframe&amp;gt;
  (Session info: MicrosoftEdge=122.0.2365.92)
Build info: version: &amp;apos;4.17.0&amp;apos;, revision: &amp;apos;e52b1be057*&amp;apos;
System info: os.name: &amp;apos;Windows 11&amp;apos;, os.arch: &amp;apos;amd64&amp;apos;, os.version: &amp;apos;10.0&amp;apos;, java.version: &amp;apos;17.0.2&amp;apos;
Driver info: org.openqa.selenium.edge.EdgeDriver
Command: [300257a19fb5237d6d0268af02bf0c5f, clickElement {id=f.755CEC6C32803FC9655786653B83AE98.d.D83E9FD9F3A7DB0479DE6640AACFCC47.e.758}]
Capabilities {acceptInsecureCerts: false, browserName: MicrosoftEdge, browserVersion: 122.0.2365.92, fedcm:accounts: true, ms:edgeOptions: {debuggerAddress: localhost:61032}, msedge: {msedgedriverVersion: 122.0.2365.106 (a5761ec7165..., userDataDir: C:\Windows\SystemTemp\scope...}, networkConnectionEnabled: false, pageLoadStrategy: normal, platformName: windows, proxy: Proxy(), se:cdp: ws://localhost:61032/devtoo..., se:cdpVersion: 122.0.2365.92, setWindowRect: true, strictFileInteractability: false, timeouts: {implicit: 0, pageLoad: 300000, script: 30000}, unhandledPromptBehavior: dismiss and notify, webauthn:extension:credBlob: true, webauthn:extension:largeBlob: true, webauthn:extension:minPinLength: true, webauthn:extension:prf: true, webauthn:virtualAuthenticators: true}
Element: [[EdgeDriver: MicrosoftEdge on windows (300257a19fb5237d6d0268af02bf0c5f)] -&amp;gt; xpath: //button[normalize-space()=&amp;apos;Submit&amp;apos;]]
Session ID: 300257a19fb5237d6d0268af02bf0c5f">
      <![CDATA[org.openqa.selenium.ElementClickInterceptedException: element click intercepted: Element <button type="submit" class="mktoButton">...</button> is not clickable at point (1096, 718). Other element would receive the click: <iframe class="drift-frame-controller" scrolling="no" title="Drift Widget Chat Controller" allow="autoplay; encrypted-media; fullscreen;" frameborder="0" src="https://js.driftt.com/core?d=1&amp;embedId=mpta5ez37rme&amp;eId=mpta5ez37rme&amp;region=US&amp;forceShow=false&amp;skipCampaigns=false&amp;sessionId=547f8d50-d858-4d32-90f3-d8d494fe9290&amp;sessionStarted=1711196688.48&amp;campaignRefreshToken=8228ff66-fcbe-4368-b6d4-a3d7fb8ba49f&amp;hideController=false&amp;pageLoadStartTime=1711196684087&amp;mode=CHAT&amp;driftEnableLog=false&amp;secureIframe=false&amp;u=https%3A%2F%2Fwww.coursera.org%2Fbusiness%3Futm_campaign%3Dwebsite%26utm_content%3Dcorp-to-home-footer-for-enterprise%26utm_medium%3Dcoursera%26utm_source%3Denterprise" style="background: transparent; width: 359.2px; max-width: 100%; height: 99.2px; border: none;"></iframe>
  (Session info: MicrosoftEdge=122.0.2365.92)
Build info: version: '4.17.0', revision: 'e52b1be057*'
System info: os.name: 'Windows 11', os.arch: 'amd64', os.version: '10.0', java.version: '17.0.2'
Driver info: org.openqa.selenium.edge.EdgeDriver
Command: [300257a19fb5237d6d0268af02bf0c5f, clickElement {id=f.755CEC6C32803FC9655786653B83AE98.d.D83E9FD9F3A7DB0479DE6640AACFCC47.e.758}]
Capabilities {acceptInsecureCerts: false, browserName: MicrosoftEdge, browserVersion: 122.0.2365.92, fedcm:accounts: true, ms:edgeOptions: {debuggerAddress: localhost:61032}, msedge: {msedgedriverVersion: 122.0.2365.106 (a5761ec7165..., userDataDir: C:\Windows\SystemTemp\scope...}, networkConnectionEnabled: false, pageLoadStrategy: normal, platformName: windows, proxy: Proxy(), se:cdp: ws://localhost:61032/devtoo..., se:cdpVersion: 122.0.2365.92, setWindowRect: true, strictFileInteractability: false, timeouts: {implicit: 0, pageLoad: 300000, script: 30000}, unhandledPromptBehavior: dismiss and notify, webauthn:extension:credBlob: true, webauthn:extension:largeBlob: true, webauthn:extension:minPinLength: true, webauthn:extension:prf: true, webauthn:virtualAuthenticators: true}
Element: [[EdgeDriver: MicrosoftEdge on windows (300257a19fb5237d6d0268af02bf0c5f)] -> xpath: //button[normalize-space()='Submit']]
Session ID: 300257a19fb5237d6d0268af02bf0c5f
at org.openqa.selenium.remote.codec.w3c.W3CHttpResponseCodec.createException(W3CHttpResponseCodec.java:185)
at org.openqa.selenium.remote.codec.w3c.W3CHttpResponseCodec.decode(W3CHttpResponseCodec.java:134)
at org.openqa.selenium.remote.codec.w3c.W3CHttpResponseCodec.decode(W3CHttpResponseCodec.java:51)
at org.openqa.selenium.remote.HttpCommandExecutor.execute(HttpCommandExecutor.java:190)
at org.openqa.selenium.remote.service.DriverCommandExecutor.invokeExecute(DriverCommandExecutor.java:216)
at org.openqa.selenium.remote.service.DriverCommandExecutor.execute(DriverCommandExecutor.java:174)
at org.openqa.selenium.remote.RemoteWebDriver.execute(RemoteWebDriver.java:519)
at org.openqa.selenium.remote.RemoteWebElement.execute(RemoteWebElement.java:223)
at org.openqa.selenium.remote.RemoteWebElement.click(RemoteWebElement.java:76)
at org.openqa.selenium.support.pagefactory.internal.LocatingElementHandler.invoke(LocatingElementHandler.java:51)
at jdk.proxy2/jdk.proxy2.$Proxy30.click(Unknown Source)
at pageObject.FormPage.submitForm(FormPage.java:260)
at testCases.TC_003_FormFill.fillingForm(TC_003_FormFill.java:43)
at java.base/java.util.ArrayList.forEach(ArrayList.java:1511)
... Removed 35 stack frames]]>
    </failure>
  </testcase> <!-- fillingForm -->
  <testcase classname="testCases.TC_004_FormFillDataDriven" name="dataFill" time="11.894">
    <failure type="java.lang.AssertionError" message="null">
      <![CDATA[java.lang.AssertionError: null
at testCases.TC_004_FormFillDataDriven.dataFill(TC_004_FormFillDataDriven.java:47)
at java.base/java.util.ArrayList.forEach(ArrayList.java:1511)
... Removed 29 stack frames]]>
    </failure>
  </testcase> <!-- dataFill -->
  <testcase classname="testCases.TC_004_FormFillDataDriven" name="dataFill" time="15.51">
    <failure type="java.lang.AssertionError" message="null">
      <![CDATA[java.lang.AssertionError: null
at testCases.TC_004_FormFillDataDriven.dataFill(TC_004_FormFillDataDriven.java:47)
at java.base/java.util.ArrayList.forEach(ArrayList.java:1511)
... Removed 29 stack frames]]>
    </failure>
  </testcase> <!-- dataFill -->
  <testcase classname="testCases.TC_004_FormFillDataDriven" name="dataFill" time="5.274">
    <failure type="java.lang.AssertionError" message="null">
      <![CDATA[java.lang.AssertionError: null
at testCases.TC_004_FormFillDataDriven.dataFill(TC_004_FormFillDataDriven.java:47)
at java.base/java.util.ArrayList.forEach(ArrayList.java:1511)
... Removed 29 stack frames]]>
    </failure>
  </testcase> <!-- dataFill -->
  <testcase classname="testCases.TC_004_FormFillDataDriven" name="dataFill" time="5.613">
    <failure type="java.lang.AssertionError" message="null">
      <![CDATA[java.lang.AssertionError: null
at testCases.TC_004_FormFillDataDriven.dataFill(TC_004_FormFillDataDriven.java:47)
at java.base/java.util.ArrayList.forEach(ArrayList.java:1511)
... Removed 29 stack frames]]>
    </failure>
  </testcase> <!-- dataFill -->
  <testcase classname="testCases.TC_004_FormFillDataDriven" name="dataFill" time="4.924"/>
  <testcase classname="testCases.TC_004_FormFillDataDriven" name="dataFill" time="5.285">
    <failure type="java.lang.AssertionError" message="null">
      <![CDATA[java.lang.AssertionError: null
at testCases.TC_004_FormFillDataDriven.dataFill(TC_004_FormFillDataDriven.java:47)
at java.base/java.util.ArrayList.forEach(ArrayList.java:1511)
... Removed 29 stack frames]]>
    </failure>
  </testcase> <!-- dataFill -->
  <testcase classname="testCases.TC_004_FormFillDataDriven" name="dataFill" time="5.474">
    <failure type="java.lang.AssertionError" message="null">
      <![CDATA[java.lang.AssertionError: null
at testCases.TC_004_FormFillDataDriven.dataFill(TC_004_FormFillDataDriven.java:47)
at java.base/java.util.ArrayList.forEach(ArrayList.java:1511)
... Removed 28 stack frames]]>
    </failure>
  </testcase> <!-- dataFill -->
  <testcase classname="testCases.TC_004_FormFillDataDriven" name="dataFill" time="17.189">
    <failure type="java.lang.AssertionError" message="null">
      <![CDATA[java.lang.AssertionError: null
at testCases.TC_004_FormFillDataDriven.dataFill(TC_004_FormFillDataDriven.java:47)
at java.base/java.util.ArrayList.forEach(ArrayList.java:1511)
... Removed 28 stack frames]]>
    </failure>
  </testcase> <!-- dataFill -->
  <testcase classname="testCases.TC_004_FormFillDataDriven" name="dataFill" time="5.62">
    <failure type="java.lang.AssertionError" message="null">
      <![CDATA[java.lang.AssertionError: null
at testCases.TC_004_FormFillDataDriven.dataFill(TC_004_FormFillDataDriven.java:47)
at java.base/java.util.ArrayList.forEach(ArrayList.java:1511)
... Removed 28 stack frames]]>
    </failure>
  </testcase> <!-- dataFill -->
  <testcase classname="testCases.TC_004_FormFillDataDriven" name="dataFill" time="14.923"/>
</testsuite> <!-- Test2 -->
