<?xml version="1.0" encoding="UTF-8"?>
<!-- Generated by org.testng.reporters.JUnitXMLReporter -->
<testsuite ignored="0" hostname="LTIN227249" failures="1" tests="19" name="Test1" time="197.183" errors="0" timestamp="2024-03-23T17:53:21 IST">
  <testcase classname="testCases.TC_001_WebDevlopment" name="searchWebDevlopment" time="9.278"/>
  <testcase classname="testCases.TC_001_WebDevlopment" name="clickFilter" time="4.428"/>
  <testcase classname="testCases.TC_001_WebDevlopment" name="printInfo" time="13.425">
    <failure type="org.openqa.selenium.NoSuchElementException" message="no such element: Unable to locate element: {&amp;quot;method&amp;quot;:&amp;quot;xpath&amp;quot;,&amp;quot;selector&amp;quot;:&amp;quot;//ul[@class=&amp;apos;cds-9 css-5t8l4v cds-10&amp;apos;]/li[1]//p[@class=&amp;apos;cds-119 css-11uuo4b cds-121&amp;apos;]&amp;quot;}
  (Session info: chrome=120.0.6099.130)
For documentation on this error, please visit: https://www.selenium.dev/documentation/webdriver/troubleshooting/errors#no-such-element-exception
Build info: version: &amp;apos;4.17.0&amp;apos;, revision: &amp;apos;e52b1be057*&amp;apos;
System info: os.name: &amp;apos;Windows 11&amp;apos;, os.arch: &amp;apos;amd64&amp;apos;, os.version: &amp;apos;10.0&amp;apos;, java.version: &amp;apos;17.0.2&amp;apos;
Driver info: org.openqa.selenium.chrome.ChromeDriver
Command: [28d4074bb0e290d61b311f73f5c249b8, findElement {using=xpath, value=//ul[@class=&amp;apos;cds-9 css-5t8l4v cds-10&amp;apos;]/li[1]//p[@class=&amp;apos;cds-119 css-11uuo4b cds-121&amp;apos;]}]
Capabilities {acceptInsecureCerts: false, browserName: chrome, browserVersion: 120.0.6099.130, chrome: {chromedriverVersion: 120.0.6099.109 (3419140ab66..., userDataDir: C:\Windows\SystemTemp\scope...}, fedcm:accounts: true, goog:chromeOptions: {debuggerAddress: localhost:60110}, networkConnectionEnabled: false, pageLoadStrategy: normal, platformName: windows, proxy: Proxy(), se:cdp: ws://localhost:60110/devtoo..., se:cdpVersion: 120.0.6099.130, setWindowRect: true, strictFileInteractability: false, timeouts: {implicit: 0, pageLoad: 300000, script: 30000}, unhandledPromptBehavior: dismiss and notify, webauthn:extension:credBlob: true, webauthn:extension:largeBlob: true, webauthn:extension:minPinLength: true, webauthn:extension:prf: true, webauthn:virtualAuthenticators: true}
Session ID: 28d4074bb0e290d61b311f73f5c249b8">
      <![CDATA[org.openqa.selenium.NoSuchElementException: no such element: Unable to locate element: {"method":"xpath","selector":"//ul[@class='cds-9 css-5t8l4v cds-10']/li[1]//p[@class='cds-119 css-11uuo4b cds-121']"}
  (Session info: chrome=120.0.6099.130)
For documentation on this error, please visit: https://www.selenium.dev/documentation/webdriver/troubleshooting/errors#no-such-element-exception
Build info: version: '4.17.0', revision: 'e52b1be057*'
System info: os.name: 'Windows 11', os.arch: 'amd64', os.version: '10.0', java.version: '17.0.2'
Driver info: org.openqa.selenium.chrome.ChromeDriver
Command: [28d4074bb0e290d61b311f73f5c249b8, findElement {using=xpath, value=//ul[@class='cds-9 css-5t8l4v cds-10']/li[1]//p[@class='cds-119 css-11uuo4b cds-121']}]
Capabilities {acceptInsecureCerts: false, browserName: chrome, browserVersion: 120.0.6099.130, chrome: {chromedriverVersion: 120.0.6099.109 (3419140ab66..., userDataDir: C:\Windows\SystemTemp\scope...}, fedcm:accounts: true, goog:chromeOptions: {debuggerAddress: localhost:60110}, networkConnectionEnabled: false, pageLoadStrategy: normal, platformName: windows, proxy: Proxy(), se:cdp: ws://localhost:60110/devtoo..., se:cdpVersion: 120.0.6099.130, setWindowRect: true, strictFileInteractability: false, timeouts: {implicit: 0, pageLoad: 300000, script: 30000}, unhandledPromptBehavior: dismiss and notify, webauthn:extension:credBlob: true, webauthn:extension:largeBlob: true, webauthn:extension:minPinLength: true, webauthn:extension:prf: true, webauthn:virtualAuthenticators: true}
Session ID: 28d4074bb0e290d61b311f73f5c249b8
at org.openqa.selenium.remote.codec.w3c.W3CHttpResponseCodec.createException(W3CHttpResponseCodec.java:185)
at org.openqa.selenium.remote.codec.w3c.W3CHttpResponseCodec.decode(W3CHttpResponseCodec.java:134)
at org.openqa.selenium.remote.codec.w3c.W3CHttpResponseCodec.decode(W3CHttpResponseCodec.java:51)
at org.openqa.selenium.remote.HttpCommandExecutor.execute(HttpCommandExecutor.java:190)
at org.openqa.selenium.remote.service.DriverCommandExecutor.invokeExecute(DriverCommandExecutor.java:216)
at org.openqa.selenium.remote.service.DriverCommandExecutor.execute(DriverCommandExecutor.java:174)
at org.openqa.selenium.remote.RemoteWebDriver.execute(RemoteWebDriver.java:519)
at org.openqa.selenium.remote.ElementLocation$ElementFinder$2.findElement(ElementLocation.java:165)
at org.openqa.selenium.remote.ElementLocation.findElement(ElementLocation.java:59)
at org.openqa.selenium.remote.RemoteWebDriver.findElement(RemoteWebDriver.java:356)
at org.openqa.selenium.remote.RemoteWebDriver.findElement(RemoteWebDriver.java:350)
at org.openqa.selenium.support.pagefactory.DefaultElementLocator.findElement(DefaultElementLocator.java:68)
at org.openqa.selenium.support.pagefactory.internal.LocatingElementHandler.invoke(LocatingElementHandler.java:38)
at jdk.proxy2/jdk.proxy2.$Proxy30.getText(Unknown Source)
at pageObject.WebDevlopmentPage.ratingOfFirstCourse(WebDevlopmentPage.java:57)
at testCases.TC_001_WebDevlopment.printInfo(TC_001_WebDevlopment.java:32)
at java.base/java.util.ArrayList.forEach(ArrayList.java:1511)
... Removed 32 stack frames]]>
    </failure>
  </testcase> <!-- printInfo -->
  <testcase classname="testCases.TC_002_LanguageLearning" name="searchLanguageLearning" time="9.264"/>
  <testcase classname="testCases.TC_002_LanguageLearning" name="printLanguages" time="0.809"/>
  <testcase classname="testCases.TC_002_LanguageLearning" name="printLevels" time="0.076"/>
  <testcase classname="testCases.TC_003_FormFill" name="goEnterprise" time="8.499"/>
  <testcase classname="testCases.TC_003_FormFill" name="goCampus" time="0.515"/>
  <testcase classname="testCases.TC_003_FormFill" name="fillingForm" time="6.086"/>
  <testcase classname="testCases.TC_004_FormFillDataDriven" name="dataFill" time="12.323"/>
  <testcase classname="testCases.TC_004_FormFillDataDriven" name="dataFill" time="15.854"/>
  <testcase classname="testCases.TC_004_FormFillDataDriven" name="dataFill" time="5.437"/>
  <testcase classname="testCases.TC_004_FormFillDataDriven" name="dataFill" time="5.706"/>
  <testcase classname="testCases.TC_004_FormFillDataDriven" name="dataFill" time="4.798"/>
  <testcase classname="testCases.TC_004_FormFillDataDriven" name="dataFill" time="4.669"/>
  <testcase classname="testCases.TC_004_FormFillDataDriven" name="dataFill" time="4.701"/>
  <testcase classname="testCases.TC_004_FormFillDataDriven" name="dataFill" time="14.923"/>
  <testcase classname="testCases.TC_004_FormFillDataDriven" name="dataFill" time="4.566"/>
  <testcase classname="testCases.TC_004_FormFillDataDriven" name="dataFill" time="14.693"/>
</testsuite> <!-- Test1 -->
